CRITICAL - 2023-07-07 07:47:57 --> The framework needs the following extension(s) installed and loaded: intl.
in SYSTEMPATH\CodeIgniter.php on line 226.
 1 SYSTEMPATH\CodeIgniter.php(226): CodeIgniter\Exceptions\FrameworkException::forMissingExtension()
 2 SYSTEMPATH\CodeIgniter.php(190): CodeIgniter\CodeIgniter->resolvePlatformExtensions()
 3 ROOTPATH\spark(83): CodeIgniter\CodeIgniter->initialize()
CRITICAL - 2023-07-07 20:12:32 --> Undefined constant "CodeIgniter\Database\MySQLi\MYSQLI_STORE_RESULT"
in SYSTEMPATH\Database\Database.php on line 137.
 1 SYSTEMPATH\Database\Database.php(55): CodeIgniter\Database\Database->initDriver()
 2 SYSTEMPATH\Database\Config.php(82): CodeIgniter\Database\Database->load()
 3 SYSTEMPATH\Model.php(155): CodeIgniter\Database\Config::connect()
 4 SYSTEMPATH\Config\Factories.php(113): CodeIgniter\Model->__construct()
 5 SYSTEMPATH\Common.php(825): CodeIgniter\Config\Factories::__callStatic()
 6 APPPATH\Controllers\News.php(14): model()
 7 SYSTEMPATH\CodeIgniter.php(932): App\Controllers\News->index()
 8 SYSTEMPATH\CodeIgniter.php(497): CodeIgniter\CodeIgniter->runController()
 9 SYSTEMPATH\CodeIgniter.php(366): CodeIgniter\CodeIgniter->handleRequest()
10 FCPATH\index.php(67): CodeIgniter\CodeIgniter->run()
11 SYSTEMPATH\Commands\Server\rewrite.php(47): require_once('C:\\dev\\repos\\codeigniter_app\\public\\index.php')
CRITICAL - 2023-07-07 20:12:38 --> Undefined constant "CodeIgniter\Database\MySQLi\MYSQLI_STORE_RESULT"
in SYSTEMPATH\Database\Database.php on line 137.
 1 SYSTEMPATH\Database\Database.php(55): CodeIgniter\Database\Database->initDriver()
 2 SYSTEMPATH\Database\Config.php(82): CodeIgniter\Database\Database->load()
 3 SYSTEMPATH\Model.php(155): CodeIgniter\Database\Config::connect()
 4 SYSTEMPATH\Config\Factories.php(113): CodeIgniter\Model->__construct()
 5 SYSTEMPATH\Common.php(825): CodeIgniter\Config\Factories::__callStatic()
 6 APPPATH\Controllers\News.php(14): model()
 7 SYSTEMPATH\CodeIgniter.php(932): App\Controllers\News->index()
 8 SYSTEMPATH\CodeIgniter.php(497): CodeIgniter\CodeIgniter->runController()
 9 SYSTEMPATH\CodeIgniter.php(366): CodeIgniter\CodeIgniter->handleRequest()
10 FCPATH\index.php(67): CodeIgniter\CodeIgniter->run()
11 SYSTEMPATH\Commands\Server\rewrite.php(47): require_once('C:\\dev\\repos\\codeigniter_app\\public\\index.php')
CRITICAL - 2023-07-07 20:12:50 --> Undefined constant "CodeIgniter\Database\MySQLi\MYSQLI_STORE_RESULT"
in SYSTEMPATH\Database\Database.php on line 137.
 1 SYSTEMPATH\Database\Database.php(55): CodeIgniter\Database\Database->initDriver()
 2 SYSTEMPATH\Database\Config.php(82): CodeIgniter\Database\Database->load()
 3 SYSTEMPATH\Model.php(155): CodeIgniter\Database\Config::connect()
 4 SYSTEMPATH\Config\Factories.php(113): CodeIgniter\Model->__construct()
 5 SYSTEMPATH\Common.php(825): CodeIgniter\Config\Factories::__callStatic()
 6 APPPATH\Controllers\News.php(14): model()
 7 SYSTEMPATH\CodeIgniter.php(932): App\Controllers\News->index()
 8 SYSTEMPATH\CodeIgniter.php(497): CodeIgniter\CodeIgniter->runController()
 9 SYSTEMPATH\CodeIgniter.php(366): CodeIgniter\CodeIgniter->handleRequest()
10 FCPATH\index.php(67): CodeIgniter\CodeIgniter->run()
11 SYSTEMPATH\Commands\Server\rewrite.php(47): require_once('C:\\dev\\repos\\codeigniter_app\\public\\index.php')
CRITICAL - 2023-07-07 20:14:24 --> Undefined constant "CodeIgniter\Database\MySQLi\MYSQLI_STORE_RESULT"
in SYSTEMPATH\Database\Database.php on line 137.
 1 SYSTEMPATH\Database\Database.php(55): CodeIgniter\Database\Database->initDriver()
 2 SYSTEMPATH\Database\Config.php(82): CodeIgniter\Database\Database->load()
 3 SYSTEMPATH\Model.php(155): CodeIgniter\Database\Config::connect()
 4 SYSTEMPATH\Config\Factories.php(113): CodeIgniter\Model->__construct()
 5 SYSTEMPATH\Common.php(825): CodeIgniter\Config\Factories::__callStatic()
 6 APPPATH\Controllers\News.php(28): model()
 7 SYSTEMPATH\CodeIgniter.php(932): App\Controllers\News->view()
 8 SYSTEMPATH\CodeIgniter.php(497): CodeIgniter\CodeIgniter->runController()
 9 SYSTEMPATH\CodeIgniter.php(366): CodeIgniter\CodeIgniter->handleRequest()
10 FCPATH\index.php(67): CodeIgniter\CodeIgniter->run()
11 SYSTEMPATH\Commands\Server\rewrite.php(47): require_once('C:\\dev\\repos\\codeigniter_app\\public\\index.php')
CRITICAL - 2023-07-07 20:14:27 --> Undefined constant "CodeIgniter\Database\MySQLi\MYSQLI_STORE_RESULT"
in SYSTEMPATH\Database\Database.php on line 137.
 1 SYSTEMPATH\Database\Database.php(55): CodeIgniter\Database\Database->initDriver()
 2 SYSTEMPATH\Database\Config.php(82): CodeIgniter\Database\Database->load()
 3 SYSTEMPATH\Model.php(155): CodeIgniter\Database\Config::connect()
 4 SYSTEMPATH\Config\Factories.php(113): CodeIgniter\Model->__construct()
 5 SYSTEMPATH\Common.php(825): CodeIgniter\Config\Factories::__callStatic()
 6 APPPATH\Controllers\News.php(14): model()
 7 SYSTEMPATH\CodeIgniter.php(932): App\Controllers\News->index()
 8 SYSTEMPATH\CodeIgniter.php(497): CodeIgniter\CodeIgniter->runController()
 9 SYSTEMPATH\CodeIgniter.php(366): CodeIgniter\CodeIgniter->handleRequest()
10 FCPATH\index.php(67): CodeIgniter\CodeIgniter->run()
11 SYSTEMPATH\Commands\Server\rewrite.php(47): require_once('C:\\dev\\repos\\codeigniter_app\\public\\index.php')
CRITICAL - 2023-07-07 20:15:36 --> Undefined constant "CodeIgniter\Database\MySQLi\MYSQLI_STORE_RESULT"
in SYSTEMPATH\Database\Database.php on line 137.
 1 SYSTEMPATH\Database\Database.php(55): CodeIgniter\Database\Database->initDriver()
 2 SYSTEMPATH\Database\Config.php(82): CodeIgniter\Database\Database->load()
 3 SYSTEMPATH\Model.php(155): CodeIgniter\Database\Config::connect()
 4 SYSTEMPATH\Config\Factories.php(113): CodeIgniter\Model->__construct()
 5 SYSTEMPATH\Common.php(825): CodeIgniter\Config\Factories::__callStatic()
 6 APPPATH\Controllers\News.php(14): model()
 7 SYSTEMPATH\CodeIgniter.php(932): App\Controllers\News->index()
 8 SYSTEMPATH\CodeIgniter.php(497): CodeIgniter\CodeIgniter->runController()
 9 SYSTEMPATH\CodeIgniter.php(366): CodeIgniter\CodeIgniter->handleRequest()
10 FCPATH\index.php(67): CodeIgniter\CodeIgniter->run()
11 SYSTEMPATH\Commands\Server\rewrite.php(47): require_once('C:\\dev\\repos\\codeigniter_app\\public\\index.php')
CRITICAL - 2023-07-07 20:16:41 --> Undefined constant "CodeIgniter\Database\MySQLi\MYSQLI_STORE_RESULT"
in SYSTEMPATH\Database\Database.php on line 137.
 1 SYSTEMPATH\Database\Database.php(55): CodeIgniter\Database\Database->initDriver()
 2 SYSTEMPATH\Database\Config.php(82): CodeIgniter\Database\Database->load()
 3 SYSTEMPATH\Model.php(155): CodeIgniter\Database\Config::connect()
 4 SYSTEMPATH\Config\Factories.php(113): CodeIgniter\Model->__construct()
 5 SYSTEMPATH\Common.php(825): CodeIgniter\Config\Factories::__callStatic()
 6 APPPATH\Controllers\News.php(14): model()
 7 SYSTEMPATH\CodeIgniter.php(932): App\Controllers\News->index()
 8 SYSTEMPATH\CodeIgniter.php(497): CodeIgniter\CodeIgniter->runController()
 9 SYSTEMPATH\CodeIgniter.php(366): CodeIgniter\CodeIgniter->handleRequest()
10 FCPATH\index.php(67): CodeIgniter\CodeIgniter->run()
11 SYSTEMPATH\Commands\Server\rewrite.php(47): require_once('C:\\dev\\repos\\codeigniter_app\\public\\index.php')
CRITICAL - 2023-07-07 20:16:42 --> Undefined constant "CodeIgniter\Database\MySQLi\MYSQLI_STORE_RESULT"
in SYSTEMPATH\Database\Database.php on line 137.
 1 SYSTEMPATH\Database\Database.php(55): CodeIgniter\Database\Database->initDriver()
 2 SYSTEMPATH\Database\Config.php(82): CodeIgniter\Database\Database->load()
 3 SYSTEMPATH\Model.php(155): CodeIgniter\Database\Config::connect()
 4 SYSTEMPATH\Config\Factories.php(113): CodeIgniter\Model->__construct()
 5 SYSTEMPATH\Common.php(825): CodeIgniter\Config\Factories::__callStatic()
 6 APPPATH\Controllers\News.php(14): model()
 7 SYSTEMPATH\CodeIgniter.php(932): App\Controllers\News->index()
 8 SYSTEMPATH\CodeIgniter.php(497): CodeIgniter\CodeIgniter->runController()
 9 SYSTEMPATH\CodeIgniter.php(366): CodeIgniter\CodeIgniter->handleRequest()
10 FCPATH\index.php(67): CodeIgniter\CodeIgniter->run()
11 SYSTEMPATH\Commands\Server\rewrite.php(47): require_once('C:\\dev\\repos\\codeigniter_app\\public\\index.php')
CRITICAL - 2023-07-07 20:16:42 --> Undefined constant "CodeIgniter\Database\MySQLi\MYSQLI_STORE_RESULT"
in SYSTEMPATH\Database\Database.php on line 137.
 1 SYSTEMPATH\Database\Database.php(55): CodeIgniter\Database\Database->initDriver()
 2 SYSTEMPATH\Database\Config.php(82): CodeIgniter\Database\Database->load()
 3 SYSTEMPATH\Model.php(155): CodeIgniter\Database\Config::connect()
 4 SYSTEMPATH\Config\Factories.php(113): CodeIgniter\Model->__construct()
 5 SYSTEMPATH\Common.php(825): CodeIgniter\Config\Factories::__callStatic()
 6 APPPATH\Controllers\News.php(14): model()
 7 SYSTEMPATH\CodeIgniter.php(932): App\Controllers\News->index()
 8 SYSTEMPATH\CodeIgniter.php(497): CodeIgniter\CodeIgniter->runController()
 9 SYSTEMPATH\CodeIgniter.php(366): CodeIgniter\CodeIgniter->handleRequest()
10 FCPATH\index.php(67): CodeIgniter\CodeIgniter->run()
11 SYSTEMPATH\Commands\Server\rewrite.php(47): require_once('C:\\dev\\repos\\codeigniter_app\\public\\index.php')
